<?xml version="1.0" encoding="UTF-8"?>
<!-- Generated by org.testng.reporters.JUnitReportReporter -->
<testsuite hostname="DESKTOP-MG56N09" failures="0" tests="4" name="testng.suite.automation2.Scroll1" time="0.039" errors="0" timestamp="2023-06-02T11:57:46 IST" skipped="0">
  <testcase classname="testng.suite.automation2.Scroll1" name="executescroll5" time="0.004"/>
  <system-out/>
  <testcase classname="testng.suite.automation2.Scroll1" name="executescroll3" time="0.016"/>
  <system-out/>
  <testcase classname="testng.suite.automation2.Scroll1" name="executescroll4" time="0.013"/>
  <system-out/>
  <testcase classname="testng.suite.automation2.Scroll1" name="executescroll2" time="0.006"/>
  <system-out/>
</testsuite> <!-- testng.suite.automation2.Scroll1 -->
