<?xml version="1.0" encoding="UTF-8"?>
<!-- Generated by org.testng.reporters.JUnitReportReporter -->
<testsuite hostname="DESKTOP-MG56N09" failures="0" tests="1" name="newtest.packagee.NewTest13" time="0.002" errors="0" timestamp="2023-05-31T18:02:04 IST" skipped="0">
  <testcase classname="newtest.packagee.NewTest13" name="test13" time="0.002"/>
  <system-out/>
</testsuite> <!-- newtest.packagee.NewTest13 -->
